<?xml version='1.0' encoding='UTF-8'?>
<testsuite hostname="Jons-MBP-430" name="test" tests="1" errors="0" failures="0" skipped="0" time="0.063" timestamp="2023-05-03T15:43:56">
          <properties>
      <property name="java.specification.version" value="17"/><property name="sun.jnu.encoding" value="UTF-8"/><property name="sun.arch.data.model" value="64"/><property name="java.vendor.url" value="https://aws.amazon.com/corretto/"/><property name="sun.boot.library.path" value="/Library/Java/JavaVirtualMachines/amazon-corretto-17.jdk/Contents/Home/lib"/><property name="sun.java.command" value="/Users/samueljon/Library/Caches/Coursier/arc/https/github.com/sbt/sbt/releases/download/v1.8.2/sbt-1.8.2.zip/sbt/bin/sbt-launch.jar test"/><property name="jdk.debug" value="release"/><property name="sun.stderr.encoding" value="UTF-8"/><property name="java.specification.vendor" value="Oracle Corporation"/><property name="java.version.date" value="2021-09-14"/><property name="java.home" value="/Library/Java/JavaVirtualMachines/amazon-corretto-17.jdk/Contents/Home"/><property name="file.separator" value="/"/><property name="java.vm.compressedOopsMode" value="Zero based"/><property name="line.separator" value="
"/><property name="sun.stdout.encoding" value="UTF-8"/><property name="java.vm.specification.vendor" value="Oracle Corporation"/><property name="java.specification.name" value="Java Platform API Specification"/><property name="sun.management.compiler" value="HotSpot 64-Bit Tiered Compilers"/><property name="java.runtime.version" value="17+35-LTS"/><property name="user.name" value="samueljon"/><property name="log4j.ignoreTCL" value="true"/><property name="file.encoding" value="UTF-8"/><property name="jnidispatch.path" value="/Users/samueljon/Library/Caches/JNA/temp/jna11753323233686624438.tmp"/><property name="java.vendor.version" value="Corretto-17.0.0.35.2"/><property name="jna.loaded" value="true"/><property name="java.io.tmpdir" value="/var/folders/lg/9fhjsjp14vz2kyr4qqk41t7m0000gn/T/"/><property name="java.version" value="17"/><property name="java.vm.specification.name" value="Java Virtual Machine Specification"/><property name="native.encoding" value="UTF-8"/><property name="java.library.path" value="/Users/samueljon/Library/Java/Extensions:/Library/Java/Extensions:/Network/Library/Java/Extensions:/System/Library/Java/Extensions:/usr/lib/java:."/><property name="java.vendor" value="Amazon.com Inc."/><property name="scala.ext.dirs" value="/Users/samueljon/.sbt/1.0/java9-rt-ext-amazon_com_inc__17"/><property name="sun.io.unicode.encoding" value="UnicodeBig"/><property name="socksNonProxyHosts" value="local|*.local|169.254/16|*.169.254/16"/><property name="java.class.path" value="/Users/samueljon/Library/Caches/Coursier/arc/https/github.com/sbt/sbt/releases/download/v1.8.2/sbt-1.8.2.zip/sbt/bin/sbt-launch.jar"/><property name="java.vm.vendor" value="Amazon.com Inc."/><property name="jline.shutdownhook" value="false"/><property name="user.timezone" value="America/New_York"/><property name="java.vm.specification.version" value="17"/><property name="os.name" value="Mac OS X"/><property name="sun.java.launcher" value="SUN_STANDARD"/><property name="user.country" value="US"/><property name="http.nonProxyHosts" value="local|*.local|169.254/16|*.169.254/16"/><property name="sun.cpu.endian" value="little"/><property name="user.home" value="/Users/samueljon"/><property name="user.language" value="en"/><property name="sbt.script" value="/Users/samueljon/Library/Caches/Coursier/arc/https/github.com/sbt/sbt/releases/download/v1.8.2/sbt-1.8.2.zip/sbt/bin/sbt"/><property name="sbt.ipcsocket.tmpdir" value="/var/folders/lg/9fhjsjp14vz2kyr4qqk41t7m0000gn/T/.sbt/ipcsocket"/><property name="swoval.tmpdir" value="/var/folders/lg/9fhjsjp14vz2kyr4qqk41t7m0000gn/T/.sbt/swoval"/><property name="jline.esc.timeout" value="0"/><property name="ftp.nonProxyHosts" value="local|*.local|169.254/16|*.169.254/16"/><property name="path.separator" value=":"/><property name="os.version" value="13.2.1"/><property name="jna.nosys" value="true"/><property name="java.runtime.name" value="OpenJDK Runtime Environment"/><property name="java.vm.name" value="OpenJDK 64-Bit Server VM"/><property name="jna.platform.library.path" value="/usr/lib:/usr/lib"/><property name="java.vendor.url.bug" value="https://github.com/corretto/corretto-17/issues/"/><property name="user.dir" value="/Users/samueljon/Desktop/Virginia Tech/Spring2023/CS5614 - Big Data Engineering/Labs-Homework/Final Project/source/sCoverage"/><property name="os.arch" value="x86_64"/><property name="java.vm.info" value="mixed mode, sharing"/><property name="java.vm.version" value="17+35-LTS"/><property name="java.class.version" value="61.0"/>
    </properties>
          <testcase classname="test" name="Spark should test for coverage" time="0.063">
                      
                    </testcase>
          <system-out><![CDATA[]]></system-out>
          <system-err><![CDATA[]]></system-err>
        </testsuite>